{"numFailedTestSuites":0,"numFailedTests":0,"numPassedTestSuites":38,"numPassedTests":349,"numPendingTestSuites":0,"numPendingTests":0,"numRuntimeErrorTestSuites":0,"numTodoTests":0,"numTotalTestSuites":38,"numTotalTests":349,"openHandles":[],"snapshot":{"added":0,"didUpdate":false,"failure":false,"filesAdded":0,"filesRemoved":0,"filesRemovedList":[],"filesUnmatched":0,"filesUpdated":0,"matched":0,"total":0,"unchecked":0,"uncheckedKeysByFile":[],"unmatched":0,"updated":0},"startTime":1778481626871,"success":true,"testResults":[{"assertionResults":[{"ancestorTitles":["Diff Engine"],"duration":9,"failureDetails":[],"failureMessages":[],"fullName":"Diff Engine should detect identical artifacts","invocations":1,"location":null,"numPassingAsserts":2,"retryReasons":[],"status":"passed","title":"should detect identical artifacts"},{"ancestorTitles":["Diff Engine"],"duration":1,"failureDetails":[],"failureMessages":[],"fullName":"Diff Engine should detect exit code changes","invocations":1,"location":null,"numPassingAsserts":4,"retryReasons":[],"status":"passed","title":"should detect exit code changes"},{"ancestorTitles":["Diff Engine"],"duration":1,"failureDetails":[],"failureMessages":[],"fullName":"Diff Engine should detect fingerprint differences","invocations":1,"location":null,"numPassingAsserts":2,"retryReasons":[],"status":"passed","title":"should detect fingerprint differences"},{"ancestorTitles":["Diff Engine"],"duration":0,"failureDetails":[],"failureMessages":[],"fullName":"Diff Engine should detect command differences","invocations":1,"location":null,"numPassingAsserts":2,"retryReasons":[],"status":"passed","title":"should detect command differences"},{"ancestorTitles":["Diff Engine"],"duration":1,"failureDetails":[],"failureMessages":[],"fullName":"Diff Engine should detect platform differences","invocations":1,"location":null,"numPassingAsserts":4,"retryReasons":[],"status":"passed","title":"should detect platform differences"},{"ancestorTitles":["Diff Engine"],"duration":0,"failureDetails":[],"failureMessages":[],"fullName":"Diff Engine should detect file list differences","invocations":1,"location":null,"numPassingAsserts":5,"retryReasons":[],"status":"passed","title":"should detect file list differences"},{"ancestorTitles":["Diff Engine"],"duration":0,"failureDetails":[],"failureMessages":[],"fullName":"Diff Engine should detect files modified by content hash change","invocations":1,"location":null,"numPassingAsserts":1,"retryReasons":[],"status":"passed","title":"should detect files modified by content hash change"},{"ancestorTitles":["Diff Engine"],"duration":0,"failureDetails":[],"failureMessages":[],"fullName":"Diff Engine should detect error pattern differences","invocations":1,"location":null,"numPassingAsserts":2,"retryReasons":[],"status":"passed","title":"should detect error pattern differences"}],"endTime":1778481638012,"message":"","name":"D:\\BugProof\\tests\\diff\\engine.test.ts","startTime":1778481635602,"status":"passed","summary":""},{"assertionResults":[{"ancestorTitles":["signing — Ed25519 keygen"],"duration":47,"failureDetails":[],"failureMessages":[],"fullName":"signing — Ed25519 keygen produces hex-encoded DER keys of expected length","invocations":1,"location":null,"numPassingAsserts":4,"retryReasons":[],"status":"passed","title":"produces hex-encoded DER keys of expected length"},{"ancestorTitles":["signing — Ed25519 keygen"],"duration":1,"failureDetails":[],"failureMessages":[],"fullName":"signing — Ed25519 keygen generates distinct keypairs each call","invocations":1,"location":null,"numPassingAsserts":2,"retryReasons":[],"status":"passed","title":"generates distinct keypairs each call"},{"ancestorTitles":["signing — canonical payload"],"duration":40,"failureDetails":[],"failureMessages":[],"fullName":"signing — canonical payload is deterministic regardless of file order","invocations":1,"location":null,"numPassingAsserts":2,"retryReasons":[],"status":"passed","title":"is deterministic regardless of file order"},{"ancestorTitles":["signing — canonical payload"],"duration":1,"failureDetails":[],"failureMessages":[],"fullName":"signing — canonical payload changes when any file checksum changes","invocations":1,"location":null,"numPassingAsserts":1,"retryReasons":[],"status":"passed","title":"changes when any file checksum changes"},{"ancestorTitles":["signing — canonical payload"],"duration":1,"failureDetails":[],"failureMessages":[],"fullName":"signing — canonical payload changes when the failure fingerprint changes","invocations":1,"location":null,"numPassingAsserts":1,"retryReasons":[],"status":"passed","title":"changes when the failure fingerprint changes"},{"ancestorTitles":["signing — sign and verify"],"duration":22,"failureDetails":[],"failureMessages":[],"fullName":"signing — sign and verify verifies a freshly signed payload","invocations":1,"location":null,"numPassingAsserts":5,"retryReasons":[],"status":"passed","title":"verifies a freshly signed payload"},{"ancestorTitles":["signing — sign and verify"],"duration":1,"failureDetails":[],"failureMessages":[],"fullName":"signing — sign and verify rejects a tampered payload","invocations":1,"location":null,"numPassingAsserts":2,"retryReasons":[],"status":"passed","title":"rejects a tampered payload"},{"ancestorTitles":["signing — sign and verify"],"duration":2,"failureDetails":[],"failureMessages":[],"fullName":"signing — sign and verify rejects a signature with a swapped public key","invocations":1,"location":null,"numPassingAsserts":1,"retryReasons":[],"status":"passed","title":"rejects a signature with a swapped public key"},{"ancestorTitles":["signing — sign and verify"],"duration":0,"failureDetails":[],"failureMessages":[],"fullName":"signing — sign and verify rejects an unsupported algorithm","invocations":1,"location":null,"numPassingAsserts":2,"retryReasons":[],"status":"passed","title":"rejects an unsupported algorithm"},{"ancestorTitles":["signing — key persistence"],"duration":8,"failureDetails":[],"failureMessages":[],"fullName":"signing — key persistence round-trips a keypair via save + resolve","invocations":1,"location":null,"numPassingAsserts":2,"retryReasons":[],"status":"passed","title":"round-trips a keypair via save + resolve"},{"ancestorTitles":["signing — key persistence"],"duration":14,"failureDetails":[],"failureMessages":[],"fullName":"signing — key persistence saveKeyPair writes files and reports paths","invocations":1,"location":null,"numPassingAsserts":4,"retryReasons":[],"status":"passed","title":"saveKeyPair writes files and reports paths"},{"ancestorTitles":["signing — fingerprint"],"duration":1,"failureDetails":[],"failureMessages":[],"fullName":"signing — fingerprint produces deterministic 16-hex fingerprints","invocations":1,"location":null,"numPassingAsserts":2,"retryReasons":[],"status":"passed","title":"produces deterministic 16-hex fingerprints"},{"ancestorTitles":["signing — fingerprint"],"duration":1,"failureDetails":[],"failureMessages":[],"fullName":"signing — fingerprint produces different fingerprints for different keys","invocations":1,"location":null,"numPassingAsserts":1,"retryReasons":[],"status":"passed","title":"produces different fingerprints for different keys"}],"endTime":1778481638395,"message":"","name":"D:\\BugProof\\tests\\utils\\signing.test.ts","startTime":1778481635607,"status":"passed","summary":""},{"assertionResults":[{"ancestorTitles":["Archive Utilities"],"duration":65,"failureDetails":[],"failureMessages":[],"fullName":"Archive Utilities should compress a directory and extract it preserving structure","invocations":1,"location":null,"numPassingAsserts":5,"retryReasons":[],"status":"passed","title":"should compress a directory and extract it preserving structure"},{"ancestorTitles":["Archive Utilities"],"duration":20,"failureDetails":[],"failureMessages":[],"fullName":"Archive Utilities should reject archive entries with path traversal","invocations":1,"location":null,"numPassingAsserts":1,"retryReasons":[],"status":"passed","title":"should reject archive entries with path traversal"},{"ancestorTitles":["Archive Utilities"],"duration":4,"failureDetails":[],"failureMessages":[],"fullName":"Archive Utilities should reject archive entries with absolute paths","invocations":1,"location":null,"numPassingAsserts":1,"retryReasons":[],"status":"passed","title":"should reject archive entries with absolute paths"}],"endTime":1778481639258,"message":"","name":"D:\\BugProof\\tests\\utils\\archive.test.ts","startTime":1778481638403,"status":"passed","summary":""},{"assertionResults":[{"ancestorTitles":["Cross-Platform Detection"],"duration":8,"failureDetails":[],"failureMessages":[],"fullName":"Cross-Platform Detection should not need translation when platforms match","invocations":1,"location":null,"numPassingAsserts":2,"retryReasons":[],"status":"passed","title":"should not need translation when platforms match"},{"ancestorTitles":["Cross-Platform Detection"],"duration":1,"failureDetails":[],"failureMessages":[],"fullName":"Cross-Platform Detection should detect cross-platform need when platforms differ","invocations":1,"location":null,"numPassingAsserts":3,"retryReasons":[],"status":"passed","title":"should detect cross-platform need when platforms differ"},{"ancestorTitles":["Cross-Platform Detection"],"duration":1,"failureDetails":[],"failureMessages":[],"fullName":"Cross-Platform Detection should identify unix-to-unix as high compatibility","invocations":1,"location":null,"numPassingAsserts":3,"retryReasons":[],"status":"passed","title":"should identify unix-to-unix as high compatibility"},{"ancestorTitles":["Cross-Platform Detection"],"duration":0,"failureDetails":[],"failureMessages":[],"fullName":"Cross-Platform Detection should identify cross-family translation","invocations":1,"location":null,"numPassingAsserts":2,"retryReasons":[],"status":"passed","title":"should identify cross-family translation"},{"ancestorTitles":["Command Translation"],"duration":2,"failureDetails":[],"failureMessages":[],"fullName":"Command Translation should not translate when platforms are same","invocations":1,"location":null,"numPassingAsserts":2,"retryReasons":[],"status":"passed","title":"should not translate when platforms are same"},{"ancestorTitles":["Command Translation"],"duration":290,"failureDetails":[],"failureMessages":[],"fullName":"Command Translation should translate python3 to python on Windows","invocations":1,"location":null,"numPassingAsserts":2,"retryReasons":[],"status":"passed","title":"should translate python3 to python on Windows"},{"ancestorTitles":["Command Translation"],"duration":205,"failureDetails":[],"failureMessages":[],"fullName":"Command Translation should translate bash -c to powershell on Windows when bash unavailable","invocations":1,"location":null,"numPassingAsserts":1,"retryReasons":[],"status":"passed","title":"should translate bash -c to powershell on Windows when bash unavailable"},{"ancestorTitles":["Command Translation"],"duration":0,"failureDetails":[],"failureMessages":[],"fullName":"Command Translation should flag Windows .exe as blocker on Linux","invocations":1,"location":null,"numPassingAsserts":2,"retryReasons":[],"status":"passed","title":"should flag Windows .exe as blocker on Linux"},{"ancestorTitles":["Command Translation"],"duration":0,"failureDetails":[],"failureMessages":[],"fullName":"Command Translation should not flag scripting commands as blockers","invocations":1,"location":null,"numPassingAsserts":1,"retryReasons":[],"status":"passed","title":"should not flag scripting commands as blockers"},{"ancestorTitles":["Command Translation"],"duration":165,"failureDetails":[],"failureMessages":[],"fullName":"Command Translation should translate which to where on Windows","invocations":1,"location":null,"numPassingAsserts":1,"retryReasons":[],"status":"passed","title":"should translate which to where on Windows"},{"ancestorTitles":["Environment Translation"],"duration":1,"failureDetails":[],"failureMessages":[],"fullName":"Environment Translation should not translate when platforms are same","invocations":1,"location":null,"numPassingAsserts":2,"retryReasons":[],"status":"passed","title":"should not translate when platforms are same"},{"ancestorTitles":["Environment Translation"],"duration":0,"failureDetails":[],"failureMessages":[],"fullName":"Environment Translation should translate PATH separator from Unix to Windows","invocations":1,"location":null,"numPassingAsserts":2,"retryReasons":[],"status":"passed","title":"should translate PATH separator from Unix to Windows"},{"ancestorTitles":["Environment Translation"],"duration":1,"failureDetails":[],"failureMessages":[],"fullName":"Environment Translation should translate PATH separator from Windows to Unix","invocations":1,"location":null,"numPassingAsserts":2,"retryReasons":[],"status":"passed","title":"should translate PATH separator from Windows to Unix"},{"ancestorTitles":["Environment Translation"],"duration":0,"failureDetails":[],"failureMessages":[],"fullName":"Environment Translation should map HOME to USERPROFILE when going Unix to Windows","invocations":1,"location":null,"numPassingAsserts":3,"retryReasons":[],"status":"passed","title":"should map HOME to USERPROFILE when going Unix to Windows"},{"ancestorTitles":["Environment Translation"],"duration":1,"failureDetails":[],"failureMessages":[],"fullName":"Environment Translation should map USERPROFILE to HOME when going Windows to Unix","invocations":1,"location":null,"numPassingAsserts":3,"retryReasons":[],"status":"passed","title":"should map USERPROFILE to HOME when going Windows to Unix"},{"ancestorTitles":["Environment Translation"],"duration":0,"failureDetails":[],"failureMessages":[],"fullName":"Environment Translation should handle TMPDIR/TEMP translation","invocations":1,"location":null,"numPassingAsserts":2,"retryReasons":[],"status":"passed","title":"should handle TMPDIR/TEMP translation"}],"endTime":1778481639270,"message":"","name":"D:\\BugProof\\tests\\sandbox\\cross-platform.test.ts","startTime":1778481635610,"status":"passed","summary":""},{"assertionResults":[{"ancestorTitles":["Replay Engine"],"duration":2,"failureDetails":[],"failureMessages":[],"fullName":"Replay Engine should replay and return actual vs expected failure","invocations":1,"location":null,"numPassingAsserts":4,"retryReasons":[],"status":"passed","title":"should replay and return actual vs expected failure"},{"ancestorTitles":["Replay Engine"],"duration":0,"failureDetails":[],"failureMessages":[],"fullName":"Replay Engine should clean up sandbox after replay","invocations":1,"location":null,"numPassingAsserts":1,"retryReasons":[],"status":"passed","title":"should clean up sandbox after replay"},{"ancestorTitles":["Replay Engine"],"duration":9,"failureDetails":[],"failureMessages":[],"fullName":"Replay Engine should clean up sandbox even when replay fails","invocations":1,"location":null,"numPassingAsserts":2,"retryReasons":[],"status":"passed","title":"should clean up sandbox even when replay fails"},{"ancestorTitles":["Replay Engine"],"duration":2,"failureDetails":[],"failureMessages":[],"fullName":"Replay Engine should apply cross-platform translation when needed","invocations":1,"location":null,"numPassingAsserts":5,"retryReasons":[],"status":"passed","title":"should apply cross-platform translation when needed"},{"ancestorTitles":["Replay Engine"],"duration":0,"failureDetails":[],"failureMessages":[],"fullName":"Replay Engine should propagate BugBox result info","invocations":1,"location":null,"numPassingAsserts":4,"retryReasons":[],"status":"passed","title":"should propagate BugBox result info"},{"ancestorTitles":["Replay Engine"],"duration":1,"failureDetails":[],"failureMessages":[],"fullName":"Replay Engine should use workspace sandbox level by default","invocations":1,"location":null,"numPassingAsserts":1,"retryReasons":[],"status":"passed","title":"should use workspace sandbox level by default"},{"ancestorTitles":["Replay Engine"],"duration":1,"failureDetails":[],"failureMessages":[],"fullName":"Replay Engine should preserve host PATH in replay environment","invocations":1,"location":null,"numPassingAsserts":1,"retryReasons":[],"status":"passed","title":"should preserve host PATH in replay environment"}],"endTime":1778481639430,"message":"","name":"D:\\BugProof\\tests\\replay\\engine.test.ts","startTime":1778481639262,"status":"passed","summary":""},{"assertionResults":[{"ancestorTitles":["Secrets Utility","scanEnvironmentForSecrets"],"duration":1,"failureDetails":[],"failureMessages":[],"fullName":"Secrets Utility scanEnvironmentForSecrets should detect explicit secret keys","invocations":1,"location":null,"numPassingAsserts":4,"retryReasons":[],"status":"passed","title":"should detect explicit secret keys"},{"ancestorTitles":["Secrets Utility","scanEnvironmentForSecrets"],"duration":1,"failureDetails":[],"failureMessages":[],"fullName":"Secrets Utility scanEnvironmentForSecrets should detect keys matching the word secret or token","invocations":1,"location":null,"numPassingAsserts":4,"retryReasons":[],"status":"passed","title":"should detect keys matching the word secret or token"},{"ancestorTitles":["Secrets Utility","scanEnvironmentForSecrets"],"duration":0,"failureDetails":[],"failureMessages":[],"fullName":"Secrets Utility scanEnvironmentForSecrets should return empty array if no secrets found","invocations":1,"location":null,"numPassingAsserts":2,"retryReasons":[],"status":"passed","title":"should return empty array if no secrets found"},{"ancestorTitles":["Secrets Utility","buildEnvironmentSchema"],"duration":1,"failureDetails":[],"failureMessages":[],"fullName":"Secrets Utility buildEnvironmentSchema should separate standard, optional, and secret variables","invocations":1,"location":null,"numPassingAsserts":3,"retryReasons":[],"status":"passed","title":"should separate standard, optional, and secret variables"},{"ancestorTitles":["Secrets Utility","sanitizePII"],"duration":0,"failureDetails":[],"failureMessages":[],"fullName":"Secrets Utility sanitizePII should mask email addresses","invocations":1,"location":null,"numPassingAsserts":1,"retryReasons":[],"status":"passed","title":"should mask email addresses"},{"ancestorTitles":["Secrets Utility","sanitizePII"],"duration":0,"failureDetails":[],"failureMessages":[],"fullName":"Secrets Utility sanitizePII should mask IPv4 addresses","invocations":1,"location":null,"numPassingAsserts":1,"retryReasons":[],"status":"passed","title":"should mask IPv4 addresses"},{"ancestorTitles":["Secrets Utility","sanitizePII"],"duration":0,"failureDetails":[],"failureMessages":[],"fullName":"Secrets Utility sanitizePII should mask Stripe API keys","invocations":1,"location":null,"numPassingAsserts":1,"retryReasons":[],"status":"passed","title":"should mask Stripe API keys"},{"ancestorTitles":["Secrets Utility","sanitizePII"],"duration":0,"failureDetails":[],"failureMessages":[],"fullName":"Secrets Utility sanitizePII should mask GitHub tokens","invocations":1,"location":null,"numPassingAsserts":1,"retryReasons":[],"status":"passed","title":"should mask GitHub tokens"},{"ancestorTitles":["Secrets Utility","sanitizePII"],"duration":0,"failureDetails":[],"failureMessages":[],"fullName":"Secrets Utility sanitizePII should mask Credit Card numbers","invocations":1,"location":null,"numPassingAsserts":2,"retryReasons":[],"status":"passed","title":"should mask Credit Card numbers"},{"ancestorTitles":["Secrets Utility","sanitizePII"],"duration":1,"failureDetails":[],"failureMessages":[],"fullName":"Secrets Utility sanitizePII should leave normal text alone","invocations":1,"location":null,"numPassingAsserts":1,"retryReasons":[],"status":"passed","title":"should leave normal text alone"}],"endTime":1778481639539,"message":"","name":"D:\\BugProof\\tests\\utils\\secrets.test.ts","startTime":1778481639433,"status":"passed","summary":""},{"assertionResults":[{"ancestorTitles":["Security Utilities","isPathWithinBoundary"],"duration":0,"failureDetails":[],"failureMessages":[],"fullName":"Security Utilities isPathWithinBoundary should allow paths within the boundary","invocations":1,"location":null,"numPassingAsserts":1,"retryReasons":[],"status":"passed","title":"should allow paths within the boundary"},{"ancestorTitles":["Security Utilities","isPathWithinBoundary"],"duration":0,"failureDetails":[],"failureMessages":[],"fullName":"Security Utilities isPathWithinBoundary should reject paths that escape the boundary via ../","invocations":1,"location":null,"numPassingAsserts":1,"retryReasons":[],"status":"passed","title":"should reject paths that escape the boundary via ../"},{"ancestorTitles":["Security Utilities","isPathWithinBoundary"],"duration":1,"failureDetails":[],"failureMessages":[],"fullName":"Security Utilities isPathWithinBoundary should reject paths that exactly match boundary prefix but escape via name","invocations":1,"location":null,"numPassingAsserts":1,"retryReasons":[],"status":"passed","title":"should reject paths that exactly match boundary prefix but escape via name"},{"ancestorTitles":["Security Utilities","isPathWithinBoundary"],"duration":0,"failureDetails":[],"failureMessages":[],"fullName":"Security Utilities isPathWithinBoundary should allow the boundary directory itself","invocations":1,"location":null,"numPassingAsserts":1,"retryReasons":[],"status":"passed","title":"should allow the boundary directory itself"},{"ancestorTitles":["Security Utilities","isValidGitRef"],"duration":0,"failureDetails":[],"failureMessages":[],"fullName":"Security Utilities isValidGitRef should accept a valid hex commit SHA","invocations":1,"location":null,"numPassingAsserts":1,"retryReasons":[],"status":"passed","title":"should accept a valid hex commit SHA"},{"ancestorTitles":["Security Utilities","isValidGitRef"],"duration":0,"failureDetails":[],"failureMessages":[],"fullName":"Security Utilities isValidGitRef should accept a full 40-char SHA","invocations":1,"location":null,"numPassingAsserts":1,"retryReasons":[],"status":"passed","title":"should accept a full 40-char SHA"},{"ancestorTitles":["Security Utilities","isValidGitRef"],"duration":0,"failureDetails":[],"failureMessages":[],"fullName":"Security Utilities isValidGitRef should accept a valid branch name","invocations":1,"location":null,"numPassingAsserts":3,"retryReasons":[],"status":"passed","title":"should accept a valid branch name"},{"ancestorTitles":["Security Utilities","isValidGitRef"],"duration":0,"failureDetails":[],"failureMessages":[],"fullName":"Security Utilities isValidGitRef should reject refs starting with a dash (flag injection)","invocations":1,"location":null,"numPassingAsserts":2,"retryReasons":[],"status":"passed","title":"should reject refs starting with a dash (flag injection)"},{"ancestorTitles":["Security Utilities","isValidGitRef"],"duration":0,"failureDetails":[],"failureMessages":[],"fullName":"Security Utilities isValidGitRef should reject empty refs","invocations":1,"location":null,"numPassingAsserts":1,"retryReasons":[],"status":"passed","title":"should reject empty refs"},{"ancestorTitles":["Security Utilities","isValidGitRef"],"duration":1,"failureDetails":[],"failureMessages":[],"fullName":"Security Utilities isValidGitRef should reject refs with shell metacharacters","invocations":1,"location":null,"numPassingAsserts":3,"retryReasons":[],"status":"passed","title":"should reject refs with shell metacharacters"},{"ancestorTitles":["Security Utilities","isValidGitRef"],"duration":0,"failureDetails":[],"failureMessages":[],"fullName":"Security Utilities isValidGitRef should reject excessively long refs","invocations":1,"location":null,"numPassingAsserts":1,"retryReasons":[],"status":"passed","title":"should reject excessively long refs"},{"ancestorTitles":["Security Utilities","sanitizeArtifactEnvironment"],"duration":0,"failureDetails":[],"failureMessages":[],"fullName":"Security Utilities sanitizeArtifactEnvironment should strip PATH from artifact environment","invocations":1,"location":null,"numPassingAsserts":2,"retryReasons":[],"status":"passed","title":"should strip PATH from artifact environment"},{"ancestorTitles":["Security Utilities","sanitizeArtifactEnvironment"],"duration":0,"failureDetails":[],"failureMessages":[],"fullName":"Security Utilities sanitizeArtifactEnvironment should strip all dangerous env vars","invocations":1,"location":null,"numPassingAsserts":1,"retryReasons":[],"status":"passed","title":"should strip all dangerous env vars"},{"ancestorTitles":["Security Utilities","sanitizeArtifactEnvironment"],"duration":0,"failureDetails":[],"failureMessages":[],"fullName":"Security Utilities sanitizeArtifactEnvironment should strip LD_PRELOAD (library hijacking)","invocations":1,"location":null,"numPassingAsserts":2,"retryReasons":[],"status":"passed","title":"should strip LD_PRELOAD (library hijacking)"},{"ancestorTitles":["Security Utilities","sanitizeArtifactEnvironment"],"duration":0,"failureDetails":[],"failureMessages":[],"fullName":"Security Utilities sanitizeArtifactEnvironment should strip NODE_OPTIONS (V8 flag injection)","invocations":1,"location":null,"numPassingAsserts":1,"retryReasons":[],"status":"passed","title":"should strip NODE_OPTIONS (V8 flag injection)"},{"ancestorTitles":["Security Utilities","sanitizeArtifactEnvironment"],"duration":1,"failureDetails":[],"failureMessages":[],"fullName":"Security Utilities sanitizeArtifactEnvironment should be case-insensitive for dangerous var names","invocations":1,"location":null,"numPassingAsserts":2,"retryReasons":[],"status":"passed","title":"should be case-insensitive for dangerous var names"}],"endTime":1778481639595,"message":"","name":"D:\\BugProof\\tests\\utils\\security.test.ts","startTime":1778481639543,"status":"passed","summary":""},{"assertionResults":[{"ancestorTitles":["Exclude Filter Utility"],"duration":1,"failureDetails":[],"failureMessages":[],"fullName":"Exclude Filter Utility should return all files when no exclude patterns given","invocations":1,"location":null,"numPassingAsserts":1,"retryReasons":[],"status":"passed","title":"should return all files when no exclude patterns given"},{"ancestorTitles":["Exclude Filter Utility"],"duration":1,"failureDetails":[],"failureMessages":[],"fullName":"Exclude Filter Utility should exclude files matching a directory glob","invocations":1,"location":null,"numPassingAsserts":3,"retryReasons":[],"status":"passed","title":"should exclude files matching a directory glob"},{"ancestorTitles":["Exclude Filter Utility"],"duration":0,"failureDetails":[],"failureMessages":[],"fullName":"Exclude Filter Utility should exclude files matching a file extension glob","invocations":1,"location":null,"numPassingAsserts":3,"retryReasons":[],"status":"passed","title":"should exclude files matching a file extension glob"},{"ancestorTitles":["Exclude Filter Utility"],"duration":0,"failureDetails":[],"failureMessages":[],"fullName":"Exclude Filter Utility should exclude files matching an exact filename","invocations":1,"location":null,"numPassingAsserts":3,"retryReasons":[],"status":"passed","title":"should exclude files matching an exact filename"},{"ancestorTitles":["Exclude Filter Utility"],"duration":1,"failureDetails":[],"failureMessages":[],"fullName":"Exclude Filter Utility should support multiple exclude patterns simultaneously","invocations":1,"location":null,"numPassingAsserts":1,"retryReasons":[],"status":"passed","title":"should support multiple exclude patterns simultaneously"},{"ancestorTitles":["Exclude Filter Utility"],"duration":0,"failureDetails":[],"failureMessages":[],"fullName":"Exclude Filter Utility should handle glob patterns with nested directories","invocations":1,"location":null,"numPassingAsserts":2,"retryReasons":[],"status":"passed","title":"should handle glob patterns with nested directories"},{"ancestorTitles":["Exclude Filter Utility"],"duration":0,"failureDetails":[],"failureMessages":[],"fullName":"Exclude Filter Utility should return empty array when all files are excluded","invocations":1,"location":null,"numPassingAsserts":1,"retryReasons":[],"status":"passed","title":"should return empty array when all files are excluded"}],"endTime":1778481639654,"message":"","name":"D:\\BugProof\\tests\\utils\\exclude.test.ts","startTime":1778481639604,"status":"passed","summary":""},{"assertionResults":[{"ancestorTitles":["share error sanitization"],"duration":1,"failureDetails":[],"failureMessages":[],"fullName":"share error sanitization redacts bearer tokens","invocations":1,"location":null,"numPassingAsserts":2,"retryReasons":[],"status":"passed","title":"redacts bearer tokens"},{"ancestorTitles":["share error sanitization"],"duration":0,"failureDetails":[],"failureMessages":[],"fullName":"share error sanitization redacts token query patterns","invocations":1,"location":null,"numPassingAsserts":2,"retryReasons":[],"status":"passed","title":"redacts token query patterns"},{"ancestorTitles":["share error sanitization"],"duration":1,"failureDetails":[],"failureMessages":[],"fullName":"share error sanitization redacts authorization json blocks","invocations":1,"location":null,"numPassingAsserts":2,"retryReasons":[],"status":"passed","title":"redacts authorization json blocks"}],"endTime":1778481639725,"message":"","name":"D:\\BugProof\\tests\\share\\gist.test.ts","startTime":1778481639276,"status":"passed","summary":""},{"assertionResults":[{"ancestorTitles":["selfHealReplay"],"duration":2,"failureDetails":[],"failureMessages":[],"fullName":"selfHealReplay returns immediately when the first replay confirms reproduction","invocations":1,"location":null,"numPassingAsserts":4,"retryReasons":[],"status":"passed","title":"returns immediately when the first replay confirms reproduction"},{"ancestorTitles":["selfHealReplay"],"duration":2,"failureDetails":[],"failureMessages":[],"fullName":"selfHealReplay installs a missing npm module and retries when first replay fails differently","invocations":1,"location":null,"numPassingAsserts":8,"retryReasons":[],"status":"passed","title":"installs a missing npm module and retries when first replay fails differently"},{"ancestorTitles":["selfHealReplay"],"duration":1,"failureDetails":[],"failureMessages":[],"fullName":"selfHealReplay caps at MAX_HEAL_ROUNDS when new deps keep appearing","invocations":1,"location":null,"numPassingAsserts":3,"retryReasons":[],"status":"passed","title":"caps at MAX_HEAL_ROUNDS when new deps keep appearing"},{"ancestorTitles":["selfHealReplay"],"duration":0,"failureDetails":[],"failureMessages":[],"fullName":"selfHealReplay bails out when stderr has no installable deps","invocations":1,"location":null,"numPassingAsserts":4,"retryReasons":[],"status":"passed","title":"bails out when stderr has no installable deps"},{"ancestorTitles":["selfHealReplay"],"duration":1,"failureDetails":[],"failureMessages":[],"fullName":"selfHealReplay records failed installs and stops without further retries","invocations":1,"location":null,"numPassingAsserts":5,"retryReasons":[],"status":"passed","title":"records failed installs and stops without further retries"},{"ancestorTitles":["selfHealReplay"],"duration":0,"failureDetails":[],"failureMessages":[],"fullName":"selfHealReplay passes safe install flags to npm (no shell metacharacters)","invocations":1,"location":null,"numPassingAsserts":6,"retryReasons":[],"status":"passed","title":"passes safe install flags to npm (no shell metacharacters)"}],"endTime":1778481639750,"message":"","name":"D:\\BugProof\\tests\\replay\\self-heal.test.ts","startTime":1778481639658,"status":"passed","summary":""},{"assertionResults":[{"ancestorTitles":["Bug-Box Resource Isolation","selectResourceStrategy"],"duration":1,"failureDetails":[],"failureMessages":[],"fullName":"Bug-Box Resource Isolation selectResourceStrategy should select \"cgroups\" on Linux when available","invocations":1,"location":null,"numPassingAsserts":1,"retryReasons":[],"status":"passed","title":"should select \"cgroups\" on Linux when available"},{"ancestorTitles":["Bug-Box Resource Isolation","selectResourceStrategy"],"duration":0,"failureDetails":[],"failureMessages":[],"fullName":"Bug-Box Resource Isolation selectResourceStrategy should select \"job-object\" on Windows when available","invocations":1,"location":null,"numPassingAsserts":1,"retryReasons":[],"status":"passed","title":"should select \"job-object\" on Windows when available"},{"ancestorTitles":["Bug-Box Resource Isolation","selectResourceStrategy"],"duration":0,"failureDetails":[],"failureMessages":[],"fullName":"Bug-Box Resource Isolation selectResourceStrategy should select \"none\" when capabilities are missing","invocations":1,"location":null,"numPassingAsserts":1,"retryReasons":[],"status":"passed","title":"should select \"none\" when capabilities are missing"},{"ancestorTitles":["Bug-Box Resource Isolation","buildResourceIsolationArgs"],"duration":1,"failureDetails":[],"failureMessages":[],"fullName":"Bug-Box Resource Isolation buildResourceIsolationArgs should wrap command with systemd-run for cgroups if limits provided","invocations":1,"location":null,"numPassingAsserts":1,"retryReasons":[],"status":"passed","title":"should wrap command with systemd-run for cgroups if limits provided"},{"ancestorTitles":["Bug-Box Resource Isolation","buildResourceIsolationArgs"],"duration":0,"failureDetails":[],"failureMessages":[],"fullName":"Bug-Box Resource Isolation buildResourceIsolationArgs should wrap command with powershell for job-object if limits provided","invocations":1,"location":null,"numPassingAsserts":5,"retryReasons":[],"status":"passed","title":"should wrap command with powershell for job-object if limits provided"},{"ancestorTitles":["Bug-Box Resource Isolation","buildResourceIsolationArgs"],"duration":0,"failureDetails":[],"failureMessages":[],"fullName":"Bug-Box Resource Isolation buildResourceIsolationArgs should leave command unchanged if no limits provided","invocations":1,"location":null,"numPassingAsserts":1,"retryReasons":[],"status":"passed","title":"should leave command unchanged if no limits provided"},{"ancestorTitles":["Bug-Box Resource Isolation","buildResourceIsolationArgs"],"duration":1,"failureDetails":[],"failureMessages":[],"fullName":"Bug-Box Resource Isolation buildResourceIsolationArgs should leave command unchanged for none","invocations":1,"location":null,"numPassingAsserts":1,"retryReasons":[],"status":"passed","title":"should leave command unchanged for none"}],"endTime":1778481639810,"message":"","name":"D:\\BugProof\\tests\\sandbox\\resources.test.ts","startTime":1778481639728,"status":"passed","summary":""},{"assertionResults":[{"ancestorTitles":["artifact validation"],"duration":1,"failureDetails":[],"failureMessages":[],"fullName":"artifact validation accepts valid artifact metadata","invocations":1,"location":null,"numPassingAsserts":3,"retryReasons":[],"status":"passed","title":"accepts valid artifact metadata"},{"ancestorTitles":["artifact validation"],"duration":12,"failureDetails":[],"failureMessages":[],"fullName":"artifact validation rejects unknown fields in manifest","invocations":1,"location":null,"numPassingAsserts":1,"retryReasons":[],"status":"passed","title":"rejects unknown fields in manifest"},{"ancestorTitles":["artifact validation"],"duration":0,"failureDetails":[],"failureMessages":[],"fullName":"artifact validation rejects invalid command type in run config","invocations":1,"location":null,"numPassingAsserts":1,"retryReasons":[],"status":"passed","title":"rejects invalid command type in run config"},{"ancestorTitles":["artifact validation"],"duration":1,"failureDetails":[],"failureMessages":[],"fullName":"artifact validation rejects prototype pollution keys during JSON parse","invocations":1,"location":null,"numPassingAsserts":1,"retryReasons":[],"status":"passed","title":"rejects prototype pollution keys during JSON parse"},{"ancestorTitles":["artifact validation"],"duration":2,"failureDetails":[],"failureMessages":[],"fullName":"artifact validation rejects overly deep JSON payloads","invocations":1,"location":null,"numPassingAsserts":1,"retryReasons":[],"status":"passed","title":"rejects overly deep JSON payloads"}],"endTime":1778481639855,"message":"","name":"D:\\BugProof\\tests\\utils\\artifact-validation.test.ts","startTime":1778481639753,"status":"passed","summary":""},{"assertionResults":[{"ancestorTitles":["UI Output Utility","color functions"],"duration":1,"failureDetails":[],"failureMessages":[],"fullName":"UI Output Utility color functions should expose color functions that return strings","invocations":1,"location":null,"numPassingAsserts":10,"retryReasons":[],"status":"passed","title":"should expose color functions that return strings"},{"ancestorTitles":["UI Output Utility","color functions"],"duration":1,"failureDetails":[],"failureMessages":[],"fullName":"UI Output Utility color functions should not throw when colors wrap empty strings","invocations":1,"location":null,"numPassingAsserts":2,"retryReasons":[],"status":"passed","title":"should not throw when colors wrap empty strings"},{"ancestorTitles":["UI Output Utility","icons"],"duration":1,"failureDetails":[],"failureMessages":[],"fullName":"UI Output Utility icons should expose icon constants as strings","invocations":1,"location":null,"numPassingAsserts":11,"retryReasons":[],"status":"passed","title":"should expose icon constants as strings"},{"ancestorTitles":["UI Output Utility","icons"],"duration":0,"failureDetails":[],"failureMessages":[],"fullName":"UI Output Utility icons should have non-empty icon strings","invocations":1,"location":null,"numPassingAsserts":3,"retryReasons":[],"status":"passed","title":"should have non-empty icon strings"},{"ancestorTitles":["UI Output Utility","output functions"],"duration":15,"failureDetails":[],"failureMessages":[],"fullName":"UI Output Utility output functions should not throw when calling banner with normal text","invocations":1,"location":null,"numPassingAsserts":1,"retryReasons":[],"status":"passed","title":"should not throw when calling banner with normal text"},{"ancestorTitles":["UI Output Utility","output functions"],"duration":1,"failureDetails":[],"failureMessages":[],"fullName":"UI Output Utility output functions should not throw when calling banner with empty text","invocations":1,"location":null,"numPassingAsserts":1,"retryReasons":[],"status":"passed","title":"should not throw when calling banner with empty text"},{"ancestorTitles":["UI Output Utility","output functions"],"duration":1,"failureDetails":[],"failureMessages":[],"fullName":"UI Output Utility output functions should not throw when calling section","invocations":1,"location":null,"numPassingAsserts":1,"retryReasons":[],"status":"passed","title":"should not throw when calling section"},{"ancestorTitles":["UI Output Utility","output functions"],"duration":1,"failureDetails":[],"failureMessages":[],"fullName":"UI Output Utility output functions should not throw when calling section with empty title","invocations":1,"location":null,"numPassingAsserts":1,"retryReasons":[],"status":"passed","title":"should not throw when calling section with empty title"},{"ancestorTitles":["UI Output Utility","output functions"],"duration":2,"failureDetails":[],"failureMessages":[],"fullName":"UI Output Utility output functions should not throw when calling output functions","invocations":1,"location":null,"numPassingAsserts":5,"retryReasons":[],"status":"passed","title":"should not throw when calling output functions"},{"ancestorTitles":["UI Output Utility","output functions"],"duration":2,"failureDetails":[],"failureMessages":[],"fullName":"UI Output Utility output functions should not throw on empty messages","invocations":1,"location":null,"numPassingAsserts":5,"retryReasons":[],"status":"passed","title":"should not throw on empty messages"},{"ancestorTitles":["UI Output Utility","output functions"],"duration":1,"failureDetails":[],"failureMessages":[],"fullName":"UI Output Utility output functions should not throw with multiline messages","invocations":1,"location":null,"numPassingAsserts":2,"retryReasons":[],"status":"passed","title":"should not throw with multiline messages"},{"ancestorTitles":["UI Output Utility","statusBadge"],"duration":1,"failureDetails":[],"failureMessages":[],"fullName":"UI Output Utility statusBadge should not throw for true (pass)","invocations":1,"location":null,"numPassingAsserts":1,"retryReasons":[],"status":"passed","title":"should not throw for true (pass)"},{"ancestorTitles":["UI Output Utility","statusBadge"],"duration":0,"failureDetails":[],"failureMessages":[],"fullName":"UI Output Utility statusBadge should not throw for false (fail)","invocations":1,"location":null,"numPassingAsserts":1,"retryReasons":[],"status":"passed","title":"should not throw for false (fail)"}],"endTime":1778481639930,"message":"","name":"D:\\BugProof\\tests\\utils\\ui.test.ts","startTime":1778481639815,"status":"passed","summary":""},{"assertionResults":[{"ancestorTitles":["BugBox Container"],"duration":336,"failureDetails":[],"failureMessages":[],"fullName":"BugBox Container should create a container with temp isolation","invocations":1,"location":null,"numPassingAsserts":4,"retryReasons":[],"status":"passed","title":"should create a container with temp isolation"},{"ancestorTitles":["BugBox Container"],"duration":219,"failureDetails":[],"failureMessages":[],"fullName":"BugBox Container should sanitize dangerous environment variables","invocations":1,"location":null,"numPassingAsserts":4,"retryReasons":[],"status":"passed","title":"should sanitize dangerous environment variables"},{"ancestorTitles":["BugBox Container"],"duration":207,"failureDetails":[],"failureMessages":[],"fullName":"BugBox Container should create workspace overlay for overlay filesystem mode","invocations":1,"location":null,"numPassingAsserts":3,"retryReasons":[],"status":"passed","title":"should create workspace overlay for overlay filesystem mode"},{"ancestorTitles":["BugBox Container"],"duration":267,"failureDetails":[],"failureMessages":[],"fullName":"BugBox Container should override temp directory environment variables","invocations":1,"location":null,"numPassingAsserts":3,"retryReasons":[],"status":"passed","title":"should override temp directory environment variables"},{"ancestorTitles":["BugBox Container"],"duration":167,"failureDetails":[],"failureMessages":[],"fullName":"BugBox Container should provide a human-readable description","invocations":1,"location":null,"numPassingAsserts":2,"retryReasons":[],"status":"passed","title":"should provide a human-readable description"},{"ancestorTitles":["BugBox Container"],"duration":165,"failureDetails":[],"failureMessages":[],"fullName":"BugBox Container should handle cleanup gracefully even if called multiple times","invocations":1,"location":null,"numPassingAsserts":0,"retryReasons":[],"status":"passed","title":"should handle cleanup gracefully even if called multiple times"}],"endTime":1778481639938,"message":"","name":"D:\\BugProof\\tests\\sandbox\\container.test.ts","startTime":1778481635605,"status":"passed","summary":""},{"assertionResults":[{"ancestorTitles":["registerAssociationsSilently"],"duration":5,"failureDetails":[],"failureMessages":[],"fullName":"registerAssociationsSilently should not throw on any platform","invocations":1,"location":null,"numPassingAsserts":1,"retryReasons":[],"status":"passed","title":"should not throw on any platform"},{"ancestorTitles":["registerAssociationsSilently"],"duration":7,"failureDetails":[],"failureMessages":[],"fullName":"registerAssociationsSilently should skip reg.exe calls on non-Windows platforms","invocations":1,"location":null,"numPassingAsserts":1,"retryReasons":[],"status":"passed","title":"should skip reg.exe calls on non-Windows platforms"},{"ancestorTitles":["registerAssociationsSilently"],"duration":2,"failureDetails":[],"failureMessages":[],"fullName":"registerAssociationsSilently should be idempotent (flag file prevents re-execution)","invocations":1,"location":null,"numPassingAsserts":1,"retryReasons":[],"status":"passed","title":"should be idempotent (flag file prevents re-execution)"}],"endTime":1778481639939,"message":"","name":"D:\\BugProof\\tests\\utils\\associations.test.ts","startTime":1778481639863,"status":"passed","summary":""},{"assertionResults":[{"ancestorTitles":["Packager"],"duration":466,"failureDetails":[],"failureMessages":[],"fullName":"Packager should produce a valid .bug artifact in a non-git directory","invocations":1,"location":null,"numPassingAsserts":5,"retryReasons":[],"status":"passed","title":"should produce a valid .bug artifact in a non-git directory"},{"ancestorTitles":["Packager"],"duration":395,"failureDetails":[],"failureMessages":[],"fullName":"Packager should redact secret environment variables","invocations":1,"location":null,"numPassingAsserts":3,"retryReasons":[],"status":"passed","title":"should redact secret environment variables"}],"endTime":1778481640018,"message":"","name":"D:\\BugProof\\tests\\capture\\packager.test.ts","startTime":1778481638050,"status":"passed","summary":""},{"assertionResults":[{"ancestorTitles":["Fingerprint Utility","generateExactFingerprint"],"duration":2,"failureDetails":[],"failureMessages":[],"fullName":"Fingerprint Utility generateExactFingerprint should generate consistent hashes despite line ending differences","invocations":1,"location":null,"numPassingAsserts":2,"retryReasons":[],"status":"passed","title":"should generate consistent hashes despite line ending differences"},{"ancestorTitles":["Fingerprint Utility","generateExactFingerprint"],"duration":0,"failureDetails":[],"failureMessages":[],"fullName":"Fingerprint Utility generateExactFingerprint should strip Windows absolute paths for consistent fingerprints","invocations":1,"location":null,"numPassingAsserts":1,"retryReasons":[],"status":"passed","title":"should strip Windows absolute paths for consistent fingerprints"},{"ancestorTitles":["Fingerprint Utility","generateExactFingerprint"],"duration":1,"failureDetails":[],"failureMessages":[],"fullName":"Fingerprint Utility generateExactFingerprint should strip Windows absolute paths for consistent fingerprints","invocations":1,"location":null,"numPassingAsserts":1,"retryReasons":[],"status":"passed","title":"should strip Windows absolute paths for consistent fingerprints"},{"ancestorTitles":["Fingerprint Utility","generateExactFingerprint"],"duration":0,"failureDetails":[],"failureMessages":[],"fullName":"Fingerprint Utility generateExactFingerprint should handle empty stderr","invocations":1,"location":null,"numPassingAsserts":1,"retryReasons":[],"status":"passed","title":"should handle empty stderr"},{"ancestorTitles":["Fingerprint Utility","generateExactFingerprint"],"duration":0,"failureDetails":[],"failureMessages":[],"fullName":"Fingerprint Utility generateExactFingerprint should handle non-ASCII output","invocations":1,"location":null,"numPassingAsserts":1,"retryReasons":[],"status":"passed","title":"should handle non-ASCII output"},{"ancestorTitles":["Fingerprint Utility","generateExactFingerprint"],"duration":1,"failureDetails":[],"failureMessages":[],"fullName":"Fingerprint Utility generateExactFingerprint should produce different hashes for different content","invocations":1,"location":null,"numPassingAsserts":1,"retryReasons":[],"status":"passed","title":"should produce different hashes for different content"},{"ancestorTitles":["Fingerprint Utility","generateExactFingerprint"],"duration":0,"failureDetails":[],"failureMessages":[],"fullName":"Fingerprint Utility generateExactFingerprint should produce same hash for same content","invocations":1,"location":null,"numPassingAsserts":1,"retryReasons":[],"status":"passed","title":"should produce same hash for same content"},{"ancestorTitles":["Fingerprint Utility","generateExactFingerprint"],"duration":0,"failureDetails":[],"failureMessages":[],"fullName":"Fingerprint Utility generateExactFingerprint should trim trailing whitespace identically","invocations":1,"location":null,"numPassingAsserts":1,"retryReasons":[],"status":"passed","title":"should trim trailing whitespace identically"},{"ancestorTitles":["Fingerprint Utility","extractErrorPatterns"],"duration":1,"failureDetails":[],"failureMessages":[],"fullName":"Fingerprint Utility extractErrorPatterns should extract standard Error class names","invocations":1,"location":null,"numPassingAsserts":1,"retryReasons":[],"status":"passed","title":"should extract standard Error class names"},{"ancestorTitles":["Fingerprint Utility","extractErrorPatterns"],"duration":0,"failureDetails":[],"failureMessages":[],"fullName":"Fingerprint Utility extractErrorPatterns should extract fatal or standard error messages","invocations":1,"location":null,"numPassingAsserts":1,"retryReasons":[],"status":"passed","title":"should extract fatal or standard error messages"},{"ancestorTitles":["Fingerprint Utility","extractErrorPatterns"],"duration":0,"failureDetails":[],"failureMessages":[],"fullName":"Fingerprint Utility extractErrorPatterns should extract Node.js error codes","invocations":1,"location":null,"numPassingAsserts":1,"retryReasons":[],"status":"passed","title":"should extract Node.js error codes"},{"ancestorTitles":["Fingerprint Utility","extractErrorPatterns"],"duration":1,"failureDetails":[],"failureMessages":[],"fullName":"Fingerprint Utility extractErrorPatterns should extract multiple error patterns","invocations":1,"location":null,"numPassingAsserts":3,"retryReasons":[],"status":"passed","title":"should extract multiple error patterns"},{"ancestorTitles":["Fingerprint Utility","extractErrorPatterns"],"duration":0,"failureDetails":[],"failureMessages":[],"fullName":"Fingerprint Utility extractErrorPatterns should handle stderr with no recognizable errors","invocations":1,"location":null,"numPassingAsserts":1,"retryReasons":[],"status":"passed","title":"should handle stderr with no recognizable errors"},{"ancestorTitles":["Fingerprint Utility","extractErrorPatterns"],"duration":0,"failureDetails":[],"failureMessages":[],"fullName":"Fingerprint Utility extractErrorPatterns should handle empty stderr","invocations":1,"location":null,"numPassingAsserts":1,"retryReasons":[],"status":"passed","title":"should handle empty stderr"},{"ancestorTitles":["Fingerprint Utility","extractErrorPatterns"],"duration":0,"failureDetails":[],"failureMessages":[],"fullName":"Fingerprint Utility extractErrorPatterns should not extract noise words as error codes","invocations":1,"location":null,"numPassingAsserts":1,"retryReasons":[],"status":"passed","title":"should not extract noise words as error codes"},{"ancestorTitles":["Fingerprint Utility","extractErrorPatterns"],"duration":0,"failureDetails":[],"failureMessages":[],"fullName":"Fingerprint Utility extractErrorPatterns should deduplicate repeated patterns","invocations":1,"location":null,"numPassingAsserts":1,"retryReasons":[],"status":"passed","title":"should deduplicate repeated patterns"}],"endTime":1778481640110,"message":"","name":"D:\\BugProof\\tests\\utils\\fingerprint.test.ts","startTime":1778481639970,"status":"passed","summary":""},{"assertionResults":[{"ancestorTitles":["Bug-Box Network Isolation","selectNetworkStrategy"],"duration":0,"failureDetails":[],"failureMessages":[],"fullName":"Bug-Box Network Isolation selectNetworkStrategy should select \"unshare\" on Linux when unshare is available","invocations":1,"location":null,"numPassingAsserts":1,"retryReasons":[],"status":"passed","title":"should select \"unshare\" on Linux when unshare is available"},{"ancestorTitles":["Bug-Box Network Isolation","selectNetworkStrategy"],"duration":0,"failureDetails":[],"failureMessages":[],"fullName":"Bug-Box Network Isolation selectNetworkStrategy should select \"none\" on Linux when unshare is not available","invocations":1,"location":null,"numPassingAsserts":1,"retryReasons":[],"status":"passed","title":"should select \"none\" on Linux when unshare is not available"},{"ancestorTitles":["Bug-Box Network Isolation","selectNetworkStrategy"],"duration":0,"failureDetails":[],"failureMessages":[],"fullName":"Bug-Box Network Isolation selectNetworkStrategy should select \"netsh\" on Windows when netsh is available","invocations":1,"location":null,"numPassingAsserts":1,"retryReasons":[],"status":"passed","title":"should select \"netsh\" on Windows when netsh is available"},{"ancestorTitles":["Bug-Box Network Isolation","selectNetworkStrategy"],"duration":0,"failureDetails":[],"failureMessages":[],"fullName":"Bug-Box Network Isolation selectNetworkStrategy should select \"none\" on Windows when netsh is not available","invocations":1,"location":null,"numPassingAsserts":1,"retryReasons":[],"status":"passed","title":"should select \"none\" on Windows when netsh is not available"},{"ancestorTitles":["Bug-Box Network Isolation","selectNetworkStrategy"],"duration":0,"failureDetails":[],"failureMessages":[],"fullName":"Bug-Box Network Isolation selectNetworkStrategy should select \"sandbox-exec\" on macOS when sandbox-exec is available","invocations":1,"location":null,"numPassingAsserts":1,"retryReasons":[],"status":"passed","title":"should select \"sandbox-exec\" on macOS when sandbox-exec is available"},{"ancestorTitles":["Bug-Box Network Isolation","selectNetworkStrategy"],"duration":1,"failureDetails":[],"failureMessages":[],"fullName":"Bug-Box Network Isolation selectNetworkStrategy should select \"none\" on macOS when sandbox-exec is not available","invocations":1,"location":null,"numPassingAsserts":1,"retryReasons":[],"status":"passed","title":"should select \"none\" on macOS when sandbox-exec is not available"},{"ancestorTitles":["Bug-Box Network Isolation","selectNetworkStrategy"],"duration":0,"failureDetails":[],"failureMessages":[],"fullName":"Bug-Box Network Isolation selectNetworkStrategy should select \"none\" for unknown platforms","invocations":1,"location":null,"numPassingAsserts":1,"retryReasons":[],"status":"passed","title":"should select \"none\" for unknown platforms"},{"ancestorTitles":["Bug-Box Network Isolation","buildNetworkIsolationArgs"],"duration":0,"failureDetails":[],"failureMessages":[],"fullName":"Bug-Box Network Isolation buildNetworkIsolationArgs should wrap command with unshare for \"unshare\" strategy","invocations":1,"location":null,"numPassingAsserts":3,"retryReasons":[],"status":"passed","title":"should wrap command with unshare for \"unshare\" strategy"},{"ancestorTitles":["Bug-Box Network Isolation","buildNetworkIsolationArgs"],"duration":1,"failureDetails":[],"failureMessages":[],"fullName":"Bug-Box Network Isolation buildNetworkIsolationArgs should wrap command with sandbox-exec for \"sandbox-exec\" strategy","invocations":1,"location":null,"numPassingAsserts":3,"retryReasons":[],"status":"passed","title":"should wrap command with sandbox-exec for \"sandbox-exec\" strategy"},{"ancestorTitles":["Bug-Box Network Isolation","buildNetworkIsolationArgs"],"duration":0,"failureDetails":[],"failureMessages":[],"fullName":"Bug-Box Network Isolation buildNetworkIsolationArgs should return the original command unchanged for \"none\" strategy","invocations":1,"location":null,"numPassingAsserts":1,"retryReasons":[],"status":"passed","title":"should return the original command unchanged for \"none\" strategy"},{"ancestorTitles":["Bug-Box Network Isolation","buildNetworkIsolationArgs"],"duration":0,"failureDetails":[],"failureMessages":[],"fullName":"Bug-Box Network Isolation buildNetworkIsolationArgs should return the original command unchanged for \"netsh\" strategy (netsh is pre/post, not a wrapper)","invocations":1,"location":null,"numPassingAsserts":1,"retryReasons":[],"status":"passed","title":"should return the original command unchanged for \"netsh\" strategy (netsh is pre/post, not a wrapper)"},{"ancestorTitles":["Bug-Box Network Isolation","buildNetworkIsolationArgs"],"duration":0,"failureDetails":[],"failureMessages":[],"fullName":"Bug-Box Network Isolation buildNetworkIsolationArgs should set needsPreExec=true for netsh strategy","invocations":1,"location":null,"numPassingAsserts":1,"retryReasons":[],"status":"passed","title":"should set needsPreExec=true for netsh strategy"},{"ancestorTitles":["Bug-Box Network Isolation","buildNetworkIsolationArgs"],"duration":1,"failureDetails":[],"failureMessages":[],"fullName":"Bug-Box Network Isolation buildNetworkIsolationArgs should set needsPreExec=false for unshare strategy","invocations":1,"location":null,"numPassingAsserts":1,"retryReasons":[],"status":"passed","title":"should set needsPreExec=false for unshare strategy"},{"ancestorTitles":["Bug-Box Network Isolation","buildNetworkIsolationArgs"],"duration":0,"failureDetails":[],"failureMessages":[],"fullName":"Bug-Box Network Isolation buildNetworkIsolationArgs should set needsPreExec=false for none strategy","invocations":1,"location":null,"numPassingAsserts":1,"retryReasons":[],"status":"passed","title":"should set needsPreExec=false for none strategy"},{"ancestorTitles":["Bug-Box Network Isolation","buildNetworkIsolationArgs"],"duration":0,"failureDetails":[],"failureMessages":[],"fullName":"Bug-Box Network Isolation buildNetworkIsolationArgs should preserve multi-arg commands","invocations":1,"location":null,"numPassingAsserts":1,"retryReasons":[],"status":"passed","title":"should preserve multi-arg commands"},{"ancestorTitles":["Bug-Box Network Isolation","createNetworkCleanup"],"duration":0,"failureDetails":[],"failureMessages":[],"fullName":"Bug-Box Network Isolation createNetworkCleanup should return a no-op function for \"none\" strategy","invocations":1,"location":null,"numPassingAsserts":2,"retryReasons":[],"status":"passed","title":"should return a no-op function for \"none\" strategy"},{"ancestorTitles":["Bug-Box Network Isolation","createNetworkCleanup"],"duration":0,"failureDetails":[],"failureMessages":[],"fullName":"Bug-Box Network Isolation createNetworkCleanup should return a no-op function for \"unshare\" strategy (kernel cleans up namespace)","invocations":1,"location":null,"numPassingAsserts":2,"retryReasons":[],"status":"passed","title":"should return a no-op function for \"unshare\" strategy (kernel cleans up namespace)"},{"ancestorTitles":["Bug-Box Network Isolation","createNetworkCleanup"],"duration":1,"failureDetails":[],"failureMessages":[],"fullName":"Bug-Box Network Isolation createNetworkCleanup should return a no-op function for \"sandbox-exec\" strategy (kernel cleans up sandbox)","invocations":1,"location":null,"numPassingAsserts":2,"retryReasons":[],"status":"passed","title":"should return a no-op function for \"sandbox-exec\" strategy (kernel cleans up sandbox)"},{"ancestorTitles":["Bug-Box Network Isolation","createNetworkCleanup"],"duration":0,"failureDetails":[],"failureMessages":[],"fullName":"Bug-Box Network Isolation createNetworkCleanup should return a function for \"netsh\" strategy","invocations":1,"location":null,"numPassingAsserts":1,"retryReasons":[],"status":"passed","title":"should return a function for \"netsh\" strategy"},{"ancestorTitles":["Bug-Box Network Isolation","createNetworkCleanup"],"duration":0,"failureDetails":[],"failureMessages":[],"fullName":"Bug-Box Network Isolation createNetworkCleanup should not throw when called without a ruleName for netsh","invocations":1,"location":null,"numPassingAsserts":1,"retryReasons":[],"status":"passed","title":"should not throw when called without a ruleName for netsh"},{"ancestorTitles":["Bug-Box Network Isolation","addFirewallBlockRule"],"duration":0,"failureDetails":[],"failureMessages":[],"fullName":"Bug-Box Network Isolation addFirewallBlockRule should reject invalid rule names before spawning netsh","invocations":1,"location":null,"numPassingAsserts":2,"retryReasons":[],"status":"passed","title":"should reject invalid rule names before spawning netsh"},{"ancestorTitles":["Bug-Box Network Isolation","addFirewallBlockRule"],"duration":1,"failureDetails":[],"failureMessages":[],"fullName":"Bug-Box Network Isolation addFirewallBlockRule should reject invalid executable paths before spawning netsh","invocations":1,"location":null,"numPassingAsserts":2,"retryReasons":[],"status":"passed","title":"should reject invalid executable paths before spawning netsh"}],"endTime":1778481640112,"message":"","name":"D:\\BugProof\\tests\\sandbox\\network.test.ts","startTime":1778481639970,"status":"passed","summary":""},{"assertionResults":[{"ancestorTitles":["Dependency Detection"],"duration":1,"failureDetails":[],"failureMessages":[],"fullName":"Dependency Detection should detect missing Node.js modules (require)","invocations":1,"location":null,"numPassingAsserts":4,"retryReasons":[],"status":"passed","title":"should detect missing Node.js modules (require)"},{"ancestorTitles":["Dependency Detection"],"duration":1,"failureDetails":[],"failureMessages":[],"fullName":"Dependency Detection should detect missing Node.js modules (ESM)","invocations":1,"location":null,"numPassingAsserts":3,"retryReasons":[],"status":"passed","title":"should detect missing Node.js modules (ESM)"},{"ancestorTitles":["Dependency Detection"],"duration":0,"failureDetails":[],"failureMessages":[],"fullName":"Dependency Detection should detect scoped packages","invocations":1,"location":null,"numPassingAsserts":2,"retryReasons":[],"status":"passed","title":"should detect scoped packages"},{"ancestorTitles":["Dependency Detection"],"duration":1,"failureDetails":[],"failureMessages":[],"fullName":"Dependency Detection should detect missing Python modules","invocations":1,"location":null,"numPassingAsserts":4,"retryReasons":[],"status":"passed","title":"should detect missing Python modules"},{"ancestorTitles":["Dependency Detection"],"duration":0,"failureDetails":[],"failureMessages":[],"fullName":"Dependency Detection should detect missing Python submodules","invocations":1,"location":null,"numPassingAsserts":2,"retryReasons":[],"status":"passed","title":"should detect missing Python submodules"},{"ancestorTitles":["Dependency Detection"],"duration":0,"failureDetails":[],"failureMessages":[],"fullName":"Dependency Detection should detect missing Ruby gems","invocations":1,"location":null,"numPassingAsserts":3,"retryReasons":[],"status":"passed","title":"should detect missing Ruby gems"},{"ancestorTitles":["Dependency Detection"],"duration":0,"failureDetails":[],"failureMessages":[],"fullName":"Dependency Detection should detect multiple missing dependencies","invocations":1,"location":null,"numPassingAsserts":3,"retryReasons":[],"status":"passed","title":"should detect multiple missing dependencies"},{"ancestorTitles":["Dependency Detection"],"duration":0,"failureDetails":[],"failureMessages":[],"fullName":"Dependency Detection should not duplicate dependencies","invocations":1,"location":null,"numPassingAsserts":1,"retryReasons":[],"status":"passed","title":"should not duplicate dependencies"},{"ancestorTitles":["Dependency Detection"],"duration":0,"failureDetails":[],"failureMessages":[],"fullName":"Dependency Detection should skip relative path requires","invocations":1,"location":null,"numPassingAsserts":1,"retryReasons":[],"status":"passed","title":"should skip relative path requires"},{"ancestorTitles":["Dependency Detection"],"duration":1,"failureDetails":[],"failureMessages":[],"fullName":"Dependency Detection should detect missing system libraries","invocations":1,"location":null,"numPassingAsserts":3,"retryReasons":[],"status":"passed","title":"should detect missing system libraries"},{"ancestorTitles":["Dependency Detection"],"duration":0,"failureDetails":[],"failureMessages":[],"fullName":"Dependency Detection should return empty array for no dependency errors","invocations":1,"location":null,"numPassingAsserts":1,"retryReasons":[],"status":"passed","title":"should return empty array for no dependency errors"},{"ancestorTitles":["Dependency Detection"],"duration":0,"failureDetails":[],"failureMessages":[],"fullName":"Dependency Detection should detect Java ClassNotFoundException","invocations":1,"location":null,"numPassingAsserts":3,"retryReasons":[],"status":"passed","title":"should detect Java ClassNotFoundException"},{"ancestorTitles":["Dependency Detection"],"duration":1,"failureDetails":[],"failureMessages":[],"fullName":"Dependency Detection should detect Java NoClassDefFoundError","invocations":1,"location":null,"numPassingAsserts":3,"retryReasons":[],"status":"passed","title":"should detect Java NoClassDefFoundError"},{"ancestorTitles":["Dependency Detection"],"duration":0,"failureDetails":[],"failureMessages":[],"fullName":"Dependency Detection should detect Maven dependency not found","invocations":1,"location":null,"numPassingAsserts":3,"retryReasons":[],"status":"passed","title":"should detect Maven dependency not found"},{"ancestorTitles":["Dependency Detection"],"duration":0,"failureDetails":[],"failureMessages":[],"fullName":"Dependency Detection should detect C/C++ missing header","invocations":1,"location":null,"numPassingAsserts":3,"retryReasons":[],"status":"passed","title":"should detect C/C++ missing header"},{"ancestorTitles":["Dependency Detection"],"duration":1,"failureDetails":[],"failureMessages":[],"fullName":"Dependency Detection should detect C/C++ undefined reference","invocations":1,"location":null,"numPassingAsserts":3,"retryReasons":[],"status":"passed","title":"should detect C/C++ undefined reference"},{"ancestorTitles":["Dependency Detection"],"duration":0,"failureDetails":[],"failureMessages":[],"fullName":"Dependency Detection should detect C/C++ missing linker library","invocations":1,"location":null,"numPassingAsserts":4,"retryReasons":[],"status":"passed","title":"should detect C/C++ missing linker library"},{"ancestorTitles":["Dependency Detection"],"duration":0,"failureDetails":[],"failureMessages":[],"fullName":"Dependency Detection should detect .NET package not found","invocations":1,"location":null,"numPassingAsserts":4,"retryReasons":[],"status":"passed","title":"should detect .NET package not found"},{"ancestorTitles":["Dependency Detection"],"duration":0,"failureDetails":[],"failureMessages":[],"fullName":"Dependency Detection should detect .NET assembly not found","invocations":1,"location":null,"numPassingAsserts":3,"retryReasons":[],"status":"passed","title":"should detect .NET assembly not found"},{"ancestorTitles":["Dependency Detection"],"duration":0,"failureDetails":[],"failureMessages":[],"fullName":"Dependency Detection should detect macOS dylib not found","invocations":1,"location":null,"numPassingAsserts":4,"retryReasons":[],"status":"passed","title":"should detect macOS dylib not found"}],"endTime":1778481640120,"message":"","name":"D:\\BugProof\\tests\\utils\\dependencies.test.ts","startTime":1778481639972,"status":"passed","summary":""},{"assertionResults":[{"ancestorTitles":["Bug-Box Orchestrator"],"duration":3,"failureDetails":[],"failureMessages":[],"fullName":"Bug-Box Orchestrator should run fast path when level is \"workspace\"","invocations":1,"location":null,"numPassingAsserts":6,"retryReasons":[],"status":"passed","title":"should run fast path when level is \"workspace\""},{"ancestorTitles":["Bug-Box Orchestrator"],"duration":2,"failureDetails":[],"failureMessages":[],"fullName":"Bug-Box Orchestrator should apply filesystem isolation when level is \"isolated\"","invocations":1,"location":null,"numPassingAsserts":5,"retryReasons":[],"status":"passed","title":"should apply filesystem isolation when level is \"isolated\""},{"ancestorTitles":["Bug-Box Orchestrator"],"duration":1,"failureDetails":[],"failureMessages":[],"fullName":"Bug-Box Orchestrator should apply network isolation when level is \"isolated\" and capabilities allow","invocations":1,"location":null,"numPassingAsserts":3,"retryReasons":[],"status":"passed","title":"should apply network isolation when level is \"isolated\" and capabilities allow"},{"ancestorTitles":["Bug-Box Orchestrator"],"duration":1,"failureDetails":[],"failureMessages":[],"fullName":"Bug-Box Orchestrator should apply process and resources isolation in \"full\" mode","invocations":1,"location":null,"numPassingAsserts":5,"retryReasons":[],"status":"passed","title":"should apply process and resources isolation in \"full\" mode"},{"ancestorTitles":["Bug-Box Orchestrator"],"duration":9,"failureDetails":[],"failureMessages":[],"fullName":"Bug-Box Orchestrator should generate randomized firewall rule names for netsh pre-exec","invocations":1,"location":null,"numPassingAsserts":4,"retryReasons":[],"status":"passed","title":"should generate randomized firewall rule names for netsh pre-exec"}],"endTime":1778481640147,"message":"","name":"D:\\BugProof\\tests\\sandbox\\bugbox.test.ts","startTime":1778481640028,"status":"passed","summary":""},{"assertionResults":[{"ancestorTitles":["Smart Hints Engine"],"duration":2,"failureDetails":[],"failureMessages":[],"fullName":"Smart Hints Engine should detect missing Node.js module","invocations":1,"location":null,"numPassingAsserts":3,"retryReasons":[],"status":"passed","title":"should detect missing Node.js module"},{"ancestorTitles":["Smart Hints Engine"],"duration":1,"failureDetails":[],"failureMessages":[],"fullName":"Smart Hints Engine should detect missing Python module","invocations":1,"location":null,"numPassingAsserts":2,"retryReasons":[],"status":"passed","title":"should detect missing Python module"},{"ancestorTitles":["Smart Hints Engine"],"duration":1,"failureDetails":[],"failureMessages":[],"fullName":"Smart Hints Engine should detect permission errors","invocations":1,"location":null,"numPassingAsserts":1,"retryReasons":[],"status":"passed","title":"should detect permission errors"},{"ancestorTitles":["Smart Hints Engine"],"duration":0,"failureDetails":[],"failureMessages":[],"fullName":"Smart Hints Engine should detect network issues","invocations":1,"location":null,"numPassingAsserts":2,"retryReasons":[],"status":"passed","title":"should detect network issues"},{"ancestorTitles":["Smart Hints Engine"],"duration":0,"failureDetails":[],"failureMessages":[],"fullName":"Smart Hints Engine should detect file not found errors","invocations":1,"location":null,"numPassingAsserts":2,"retryReasons":[],"status":"passed","title":"should detect file not found errors"},{"ancestorTitles":["Smart Hints Engine"],"duration":1,"failureDetails":[],"failureMessages":[],"fullName":"Smart Hints Engine should report bug appears fixed when command succeeds","invocations":1,"location":null,"numPassingAsserts":2,"retryReasons":[],"status":"passed","title":"should report bug appears fixed when command succeeds"},{"ancestorTitles":["Smart Hints Engine"],"duration":0,"failureDetails":[],"failureMessages":[],"fullName":"Smart Hints Engine should give general hint for unknown error mismatch","invocations":1,"location":null,"numPassingAsserts":1,"retryReasons":[],"status":"passed","title":"should give general hint for unknown error mismatch"},{"ancestorTitles":["Smart Hints Engine"],"duration":0,"failureDetails":[],"failureMessages":[],"fullName":"Smart Hints Engine should detect authentication failures","invocations":1,"location":null,"numPassingAsserts":2,"retryReasons":[],"status":"passed","title":"should detect authentication failures"}],"endTime":1778481640211,"message":"","name":"D:\\BugProof\\tests\\replay\\hints.test.ts","startTime":1778481640123,"status":"passed","summary":""},{"assertionResults":[{"ancestorTitles":["Path Utilities","normalizeArtifactPath"],"duration":1,"failureDetails":[],"failureMessages":[],"fullName":"Path Utilities normalizeArtifactPath should convert Windows backslashes to forward slashes","invocations":1,"location":null,"numPassingAsserts":1,"retryReasons":[],"status":"passed","title":"should convert Windows backslashes to forward slashes"},{"ancestorTitles":["Path Utilities","normalizeArtifactPath"],"duration":2,"failureDetails":[],"failureMessages":[],"fullName":"Path Utilities normalizeArtifactPath should leave forward slashes unchanged on Unix","invocations":1,"location":null,"numPassingAsserts":1,"retryReasons":[],"status":"passed","title":"should leave forward slashes unchanged on Unix"},{"ancestorTitles":["Path Utilities","normalizeArtifactPath"],"duration":0,"failureDetails":[],"failureMessages":[],"fullName":"Path Utilities normalizeArtifactPath should handle empty path","invocations":1,"location":null,"numPassingAsserts":1,"retryReasons":[],"status":"passed","title":"should handle empty path"},{"ancestorTitles":["Path Utilities","normalizeArtifactPath"],"duration":1,"failureDetails":[],"failureMessages":[],"fullName":"Path Utilities normalizeArtifactPath should handle mixed separators","invocations":1,"location":null,"numPassingAsserts":1,"retryReasons":[],"status":"passed","title":"should handle mixed separators"},{"ancestorTitles":["Path Utilities","normalizeArtifactPath"],"duration":0,"failureDetails":[],"failureMessages":[],"fullName":"Path Utilities normalizeArtifactPath should handle paths with no separators","invocations":1,"location":null,"numPassingAsserts":1,"retryReasons":[],"status":"passed","title":"should handle paths with no separators"},{"ancestorTitles":["Path Utilities","normalizeArtifactPath"],"duration":1,"failureDetails":[],"failureMessages":[],"fullName":"Path Utilities normalizeArtifactPath should handle UNC paths","invocations":1,"location":null,"numPassingAsserts":1,"retryReasons":[],"status":"passed","title":"should handle UNC paths"},{"ancestorTitles":["Path Utilities","toPlatformPath"],"duration":1,"failureDetails":[],"failureMessages":[],"fullName":"Path Utilities toPlatformPath should convert forward slashes to platform separator","invocations":1,"location":null,"numPassingAsserts":1,"retryReasons":[],"status":"passed","title":"should convert forward slashes to platform separator"},{"ancestorTitles":["Path Utilities","toPlatformPath"],"duration":0,"failureDetails":[],"failureMessages":[],"fullName":"Path Utilities toPlatformPath should handle already-native paths","invocations":1,"location":null,"numPassingAsserts":1,"retryReasons":[],"status":"passed","title":"should handle already-native paths"},{"ancestorTitles":["Path Utilities","mapToReplayEnvironment"],"duration":0,"failureDetails":[],"failureMessages":[],"fullName":"Path Utilities mapToReplayEnvironment should strip root and append to temp directory for Unix paths","invocations":1,"location":null,"numPassingAsserts":1,"retryReasons":[],"status":"passed","title":"should strip root and append to temp directory for Unix paths"},{"ancestorTitles":["Path Utilities","mapToReplayEnvironment"],"duration":1,"failureDetails":[],"failureMessages":[],"fullName":"Path Utilities mapToReplayEnvironment should map Windows absolute paths into the replay root","invocations":1,"location":null,"numPassingAsserts":1,"retryReasons":[],"status":"passed","title":"should map Windows absolute paths into the replay root"},{"ancestorTitles":["Path Utilities","mapToReplayEnvironment"],"duration":0,"failureDetails":[],"failureMessages":[],"fullName":"Path Utilities mapToReplayEnvironment should handle forward-slash Windows paths","invocations":1,"location":null,"numPassingAsserts":1,"retryReasons":[],"status":"passed","title":"should handle forward-slash Windows paths"},{"ancestorTitles":["Path Utilities","mapToReplayEnvironment"],"duration":0,"failureDetails":[],"failureMessages":[],"fullName":"Path Utilities mapToReplayEnvironment should handle empty original path","invocations":1,"location":null,"numPassingAsserts":1,"retryReasons":[],"status":"passed","title":"should handle empty original path"},{"ancestorTitles":["Path Utilities","mapToReplayEnvironment"],"duration":1,"failureDetails":[],"failureMessages":[],"fullName":"Path Utilities mapToReplayEnvironment should handle root-level paths","invocations":1,"location":null,"numPassingAsserts":1,"retryReasons":[],"status":"passed","title":"should handle root-level paths"}],"endTime":1778481640225,"message":"","name":"D:\\BugProof\\tests\\utils\\paths.test.ts","startTime":1778481640125,"status":"passed","summary":""},{"assertionResults":[{"ancestorTitles":["postinstall Windows registry command escaping"],"duration":2,"failureDetails":[],"failureMessages":[],"fullName":"postinstall Windows registry command escaping accepts normal Windows paths","invocations":1,"location":null,"numPassingAsserts":1,"retryReasons":[],"status":"passed","title":"accepts normal Windows paths"},{"ancestorTitles":["postinstall Windows registry command escaping"],"duration":0,"failureDetails":[],"failureMessages":[],"fullName":"postinstall Windows registry command escaping rejects unsafe Windows paths with control chars","invocations":1,"location":null,"numPassingAsserts":2,"retryReasons":[],"status":"passed","title":"rejects unsafe Windows paths with control chars"},{"ancestorTitles":["postinstall Windows registry command escaping"],"duration":1,"failureDetails":[],"failureMessages":[],"fullName":"postinstall Windows registry command escaping quotes paths for command values","invocations":1,"location":null,"numPassingAsserts":1,"retryReasons":[],"status":"passed","title":"quotes paths for command values"},{"ancestorTitles":["postinstall Windows registry command escaping"],"duration":0,"failureDetails":[],"failureMessages":[],"fullName":"postinstall Windows registry command escaping escapes internal quotes","invocations":1,"location":null,"numPassingAsserts":1,"retryReasons":[],"status":"passed","title":"escapes internal quotes"},{"ancestorTitles":["postinstall Windows registry command escaping"],"duration":11,"failureDetails":[],"failureMessages":[],"fullName":"postinstall Windows registry command escaping throws on unsafe path input","invocations":1,"location":null,"numPassingAsserts":1,"retryReasons":[],"status":"passed","title":"throws on unsafe path input"}],"endTime":1778481640230,"message":"","name":"D:\\BugProof\\tests\\scripts\\postinstall.test.ts","startTime":1778481640123,"status":"passed","summary":""},{"assertionResults":[{"ancestorTitles":["JSON Output Formatter","formatCaptureJson"],"duration":1,"failureDetails":[],"failureMessages":[],"fullName":"JSON Output Formatter formatCaptureJson should produce valid JSON with required fields","invocations":1,"location":null,"numPassingAsserts":7,"retryReasons":[],"status":"passed","title":"should produce valid JSON with required fields"},{"ancestorTitles":["JSON Output Formatter","formatCaptureJson"],"duration":0,"failureDetails":[],"failureMessages":[],"fullName":"JSON Output Formatter formatCaptureJson should include error_patterns in output","invocations":1,"location":null,"numPassingAsserts":1,"retryReasons":[],"status":"passed","title":"should include error_patterns in output"},{"ancestorTitles":["JSON Output Formatter","formatReplayJson"],"duration":0,"failureDetails":[],"failureMessages":[],"fullName":"JSON Output Formatter formatReplayJson should produce valid JSON with verdict","invocations":1,"location":null,"numPassingAsserts":5,"retryReasons":[],"status":"passed","title":"should produce valid JSON with verdict"},{"ancestorTitles":["JSON Output Formatter","formatReplayJson"],"duration":0,"failureDetails":[],"failureMessages":[],"fullName":"JSON Output Formatter formatReplayJson should set reproduced=false when not confirmed","invocations":1,"location":null,"numPassingAsserts":1,"retryReasons":[],"status":"passed","title":"should set reproduced=false when not confirmed"},{"ancestorTitles":["JSON Output Formatter","formatInspectJson"],"duration":0,"failureDetails":[],"failureMessages":[],"fullName":"JSON Output Formatter formatInspectJson should produce valid JSON with manifest and failure","invocations":1,"location":null,"numPassingAsserts":3,"retryReasons":[],"status":"passed","title":"should produce valid JSON with manifest and failure"}],"endTime":1778481640236,"message":"","name":"D:\\BugProof\\tests\\utils\\json-output.test.ts","startTime":1778481640151,
[...]
ails":[],"failureMessages":[],"fullName":"Capture Engine should handle a command that does not exist","invocations":1,"location":null,"numPassingAsserts":2,"retryReasons":[],"status":"passed","title":"should handle a command that does not exist"}],"endTime":1778481643055,"message":"","name":"D:\\BugProof\\tests\\capture\\engine.test.ts","startTime":1778481635603,"status":"passed","summary":""},{"assertionResults":[{"ancestorTitles":["Git Context Utility"],"duration":1613,"failureDetails":[],"failureMessages":[],"fullName":"Git Context Utility should return a valid context object from the current repo","invocations":1,"location":null,"numPassingAsserts":7,"retryReasons":[],"status":"passed","title":"should return a valid context object from the current repo"},{"ancestorTitles":["Git Context Utility"],"duration":8,"failureDetails":[],"failureMessages":[],"fullName":"Git Context Utility should return undefined fields for a non-repo directory","invocations":1,"location":null,"numPassingAsserts":4,"retryReasons":[],"status":"passed","title":"should return undefined fields for a non-repo directory"},{"ancestorTitles":["Git Context Utility"],"duration":992,"failureDetails":[],"failureMessages":[],"fullName":"Git Context Utility should return a defined branch name (not detached)","invocations":1,"location":null,"numPassingAsserts":2,"retryReasons":[],"status":"passed","title":"should return a defined branch name (not detached)"},{"ancestorTitles":["Git Context Utility"],"duration":841,"failureDetails":[],"failureMessages":[],"fullName":"Git Context Utility should return a remote origin URL","invocations":1,"location":null,"numPassingAsserts":2,"retryReasons":[],"status":"passed","title":"should return a remote origin URL"},{"ancestorTitles":["Git Context Utility"],"duration":802,"failureDetails":[],"failureMessages":[],"fullName":"Git Context Utility should report dirty status correctly (boolean)","invocations":1,"location":null,"numPassingAsserts":1,"retryReasons":[],"status":"passed","title":"should report dirty status correctly (boolean)"},{"ancestorTitles":["Git Context Utility"],"duration":736,"failureDetails":[],"failureMessages":[],"fullName":"Git Context Utility should return tags as an array","invocations":1,"location":null,"numPassingAsserts":1,"retryReasons":[],"status":"passed","title":"should return tags as an array"},{"ancestorTitles":["Git Context Utility"],"duration":7,"failureDetails":[],"failureMessages":[],"fullName":"Git Context Utility should not throw when given a non-existent directory","invocations":1,"location":null,"numPassingAsserts":1,"retryReasons":[],"status":"passed","title":"should not throw when given a non-existent directory"},{"ancestorTitles":["Git Context Utility"],"duration":6,"failureDetails":[],"failureMessages":[],"fullName":"Git Context Utility should not throw when git is not installed (simulated via empty string cwd edge case)","invocations":1,"location":null,"numPassingAsserts":1,"retryReasons":[],"status":"passed","title":"should not throw when git is not installed (simulated via empty string cwd edge case)"}],"endTime":1778481643686,"message":"","name":"D:\\BugProof\\tests\\utils\\git.test.ts","startTime":1778481635605,"status":"passed","summary":""},{"assertionResults":[{"ancestorTitles":["Source Strategy"],"duration":368,"failureDetails":[],"failureMessages":[],"fullName":"Source Strategy should use full-copy strategy for non-git dir with small codebase","invocations":1,"location":null,"numPassingAsserts":6,"retryReasons":[],"status":"passed","title":"should use full-copy strategy for non-git dir with small codebase"},{"ancestorTitles":["Source Strategy"],"duration":318,"failureDetails":[],"failureMessages":[],"fullName":"Source Strategy should abort with exceeded strategy when codebase exceeds limit","invocations":1,"location":null,"numPassingAsserts":3,"retryReasons":[],"status":"passed","title":"should abort with exceeded strategy when codebase exceeds limit"},{"ancestorTitles":["Source Strategy"],"duration":257,"failureDetails":[],"failureMessages":[],"fullName":"Source Strategy should exclude node_modules and .git directories","invocations":1,"location":null,"numPassingAsserts":4,"retryReasons":[],"status":"passed","title":"should exclude node_modules and .git directories"},{"ancestorTitles":["Source Strategy"],"duration":250,"failureDetails":[],"failureMessages":[],"fullName":"Source Strategy should skip binary file extensions","invocations":1,"location":null,"numPassingAsserts":4,"retryReasons":[],"status":"passed","title":"should skip binary file extensions"},{"ancestorTitles":["Source Strategy"],"duration":1844,"failureDetails":[],"failureMessages":[],"fullName":"Source Strategy should use git-files strategy in a git repo with forced include","invocations":1,"location":null,"numPassingAsserts":2,"retryReasons":[],"status":"passed","title":"should use git-files strategy in a git repo with forced include"},{"ancestorTitles":["Source Strategy"],"duration":1463,"failureDetails":[],"failureMessages":[],"fullName":"Source Strategy should use git-full strategy for clean git repo","invocations":1,"location":null,"numPassingAsserts":4,"retryReasons":[],"status":"passed","title":"should use git-full strategy for clean git repo"},{"ancestorTitles":["Source Strategy"],"duration":1357,"failureDetails":[],"failureMessages":[],"fullName":"Source Strategy should use git-patch strategy for dirty git repo","invocations":1,"location":null,"numPassingAsserts":5,"retryReasons":[],"status":"passed","title":"should use git-patch strategy for dirty git repo"},{"ancestorTitles":["Source Strategy"],"duration":121,"failureDetails":[],"failureMessages":[],"fullName":"Source Strategy should respect custom exclude patterns","invocations":1,"location":null,"numPassingAsserts":3,"retryReasons":[],"status":"passed","title":"should respect custom exclude patterns"}],"endTime":1778481644829,"message":"","name":"D:\\BugProof\\tests\\capture\\source-strategy.test.ts","startTime":1778481635609,"status":"passed","summary":""},{"assertionResults":[{"ancestorTitles":["Environment Snapshot"],"duration":3931,"failureDetails":[],"failureMessages":[],"fullName":"Environment Snapshot should capture current environment","invocations":1,"location":null,"numPassingAsserts":4,"retryReasons":[],"status":"passed","title":"should capture current environment"},{"ancestorTitles":["Environment Snapshot"],"duration":1888,"failureDetails":[],"failureMessages":[],"fullName":"Environment Snapshot should detect npm version if available","invocations":1,"location":null,"numPassingAsserts":1,"retryReasons":[],"status":"passed","title":"should detect npm version if available"},{"ancestorTitles":["Environment Snapshot"],"duration":1620,"failureDetails":[],"failureMessages":[],"fullName":"Environment Snapshot should report no mismatches when snapshots are identical","invocations":1,"location":null,"numPassingAsserts":1,"retryReasons":[],"status":"passed","title":"should report no mismatches when snapshots are identical"},{"ancestorTitles":["Environment Snapshot"],"duration":0,"failureDetails":[],"failureMessages":[],"fullName":"Environment Snapshot should detect missing runtime","invocations":1,"location":null,"numPassingAsserts":3,"retryReasons":[],"status":"passed","title":"should detect missing runtime"},{"ancestorTitles":["Environment Snapshot"],"duration":1,"failureDetails":[],"failureMessages":[],"fullName":"Environment Snapshot should detect major version mismatch","invocations":1,"location":null,"numPassingAsserts":2,"retryReasons":[],"status":"passed","title":"should detect major version mismatch"},{"ancestorTitles":["Environment Snapshot"],"duration":0,"failureDetails":[],"failureMessages":[],"fullName":"Environment Snapshot should detect OS platform mismatch","invocations":1,"location":null,"numPassingAsserts":2,"retryReasons":[],"status":"passed","title":"should detect OS platform mismatch"}],"endTime":1778481646045,"message":"","name":"D:\\BugProof\\tests\\capture\\env-snapshot.test.ts","startTime":1778481635606,"status":"passed","summary":""},{"assertionResults":[{"ancestorTitles":["Language Support Detection"],"duration":1602,"failureDetails":[],"failureMessages":[],"fullName":"Language Support Detection should detect Node.js project via package.json","invocations":1,"location":null,"numPassingAsserts":3,"retryReasons":[],"status":"passed","title":"should detect Node.js project via package.json"},{"ancestorTitles":["Language Support Detection"],"duration":1077,"failureDetails":[],"failureMessages":[],"fullName":"Language Support Detection should detect TypeScript project with tsconfig","invocations":1,"location":null,"numPassingAsserts":3,"retryReasons":[],"status":"passed","title":"should detect TypeScript project with tsconfig"},{"ancestorTitles":["Language Support Detection"],"duration":1047,"failureDetails":[],"failureMessages":[],"fullName":"Language Support Detection should detect npm package manager with package-lock.json","invocations":1,"location":null,"numPassingAsserts":3,"retryReasons":[],"status":"passed","title":"should detect npm package manager with package-lock.json"},{"ancestorTitles":["Language Support Detection"],"duration":937,"failureDetails":[],"failureMessages":[],"fullName":"Language Support Detection should detect yarn package manager","invocations":1,"location":null,"numPassingAsserts":2,"retryReasons":[],"status":"passed","title":"should detect yarn package manager"},{"ancestorTitles":["Language Support Detection"],"duration":761,"failureDetails":[],"failureMessages":[],"fullName":"Language Support Detection should detect pnpm package manager","invocations":1,"location":null,"numPassingAsserts":1,"retryReasons":[],"status":"passed","title":"should detect pnpm package manager"},{"ancestorTitles":["Language Support Detection"],"duration":34,"failureDetails":[],"failureMessages":[],"fullName":"Language Support Detection should detect Python project","invocations":1,"location":null,"numPassingAsserts":4,"retryReasons":[],"status":"passed","title":"should detect Python project"},{"ancestorTitles":["Language Support Detection"],"duration":157,"failureDetails":[],"failureMessages":[],"fullName":"Language Support Detection should detect Java/Maven project","invocations":1,"location":null,"numPassingAsserts":5,"retryReasons":[],"status":"passed","title":"should detect Java/Maven project"},{"ancestorTitles":["Language Support Detection"],"duration":153,"failureDetails":[],"failureMessages":[],"fullName":"Language Support Detection should detect Java/Gradle project","invocations":1,"location":null,"numPassingAsserts":1,"retryReasons":[],"status":"passed","title":"should detect Java/Gradle project"},{"ancestorTitles":["Language Support Detection"],"duration":65,"failureDetails":[],"failureMessages":[],"fullName":"Language Support Detection should detect C/C++ CMake project","invocations":1,"location":null,"numPassingAsserts":6,"retryReasons":[],"status":"passed","title":"should detect C/C++ CMake project"},{"ancestorTitles":["Language Support Detection"],"duration":40,"failureDetails":[],"failureMessages":[],"fullName":"Language Support Detection should detect C/C++ Makefile project","invocations":1,"location":null,"numPassingAsserts":2,"retryReasons":[],"status":"passed","title":"should detect C/C++ Makefile project"},{"ancestorTitles":["Language Support Detection"],"duration":5,"failureDetails":[],"failureMessages":[],"fullName":"Language Support Detection should detect Go project","invocations":1,"location":null,"numPassingAsserts":5,"retryReasons":[],"status":"passed","title":"should detect Go project"},{"ancestorTitles":["Language Support Detection"],"duration":4,"failureDetails":[],"failureMessages":[],"fullName":"Language Support Detection should detect Ruby project","invocations":1,"location":null,"numPassingAsserts":3,"retryReasons":[],"status":"passed","title":"should detect Ruby project"},{"ancestorTitles":["Language Support Detection"],"duration":163,"failureDetails":[],"failureMessages":[],"fullName":"Language Support Detection should detect .NET project","invocations":1,"location":null,"numPassingAsserts":4,"retryReasons":[],"status":"passed","title":"should detect .NET project"},{"ancestorTitles":["Language Support Detection"],"duration":160,"failureDetails":[],"failureMessages":[],"fullName":"Language Support Detection should detect Kotlin Gradle project through Java path","invocations":1,"location":null,"numPassingAsserts":2,"retryReasons":[],"status":"passed","title":"should detect Kotlin Gradle project through Java path"},{"ancestorTitles":["Language Support Detection"],"duration":4,"failureDetails":[],"failureMessages":[],"fullName":"Language Support Detection should detect Rust project","invocations":1,"location":null,"numPassingAsserts":4,"retryReasons":[],"status":"passed","title":"should detect Rust project"},{"ancestorTitles":["Language Support Detection"],"duration":758,"failureDetails":[],"failureMessages":[],"fullName":"Language Support Detection should detect multiple languages in a project","invocations":1,"location":null,"numPassingAsserts":1,"retryReasons":[],"status":"passed","title":"should detect multiple languages in a project"},{"ancestorTitles":["Language Support Detection"],"duration":3,"failureDetails":[],"failureMessages":[],"fullName":"Language Support Detection should return empty context for unknown project","invocations":1,"location":null,"numPassingAsserts":3,"retryReasons":[],"status":"passed","title":"should return empty context for unknown project"},{"ancestorTitles":["Language Support Detection"],"duration":725,"failureDetails":[],"failureMessages":[],"fullName":"Language Support Detection should include critical files needed for reproduction","invocations":1,"location":null,"numPassingAsserts":3,"retryReasons":[],"status":"passed","title":"should include critical files needed for reproduction"}],"endTime":1778481646385,"message":"","name":"D:\\BugProof\\tests\\capture\\language-support.test.ts","startTime":1778481635602,"status":"passed","summary":""},{"assertionResults":[{"ancestorTitles":["CLI end-to-end"],"duration":1217,"failureDetails":[],"failureMessages":[],"fullName":"CLI end-to-end --version should output a semver string","invocations":1,"location":null,"numPassingAsserts":2,"retryReasons":[],"status":"passed","title":"--version should output a semver string"},{"ancestorTitles":["CLI end-to-end"],"duration":1110,"failureDetails":[],"failureMessages":[],"fullName":"CLI end-to-end --help should list all four commands","invocations":1,"location":null,"numPassingAsserts":5,"retryReasons":[],"status":"passed","title":"--help should list all four commands"},{"ancestorTitles":["CLI end-to-end"],"duration":867,"failureDetails":[],"failureMessages":[],"fullName":"CLI end-to-end capture should fail when no command is provided","invocations":1,"location":null,"numPassingAsserts":1,"retryReasons":[],"status":"passed","title":"capture should fail when no command is provided"},{"ancestorTitles":["CLI end-to-end"],"duration":4038,"failureDetails":[],"failureMessages":[],"fullName":"CLI end-to-end capture should create a .bug artifact from a failing command","invocations":1,"location":null,"numPassingAsserts":3,"retryReasons":[],"status":"passed","title":"capture should create a .bug artifact from a failing command"},{"ancestorTitles":["CLI end-to-end"],"duration":3758,"failureDetails":[],"failureMessages":[],"fullName":"CLI end-to-end capture --json should produce valid JSON output","invocations":1,"location":null,"numPassingAsserts":3,"retryReasons":[],"status":"passed","title":"capture --json should produce valid JSON output"},{"ancestorTitles":["CLI end-to-end"],"duration":3617,"failureDetails":[],"failureMessages":[],"fullName":"CLI end-to-end capture should work for a passing command (exit 0)","invocations":1,"location":null,"numPassingAsserts":3,"retryReasons":[],"status":"passed","title":"capture should work for a passing command (exit 0)"},{"ancestorTitles":["CLI end-to-end"],"duration":707,"failureDetails":[],"failureMessages":[],"fullName":"CLI end-to-end inspect should show artifact details","invocations":1,"location":null,"numPassingAsserts":4,"retryReasons":[],"status":"passed","title":"inspect should show artifact details"},{"ancestorTitles":["CLI end-to-end"],"duration":709,"failureDetails":[],"failureMessages":[],"fullName":"CLI end-to-end inspect --json should produce valid JSON","invocations":1,"location":null,"numPassingAsserts":3,"retryReasons":[],"status":"passed","title":"inspect --json should produce valid JSON"},{"ancestorTitles":["CLI end-to-end"],"duration":695,"failureDetails":[],"failureMessages":[],"fullName":"CLI end-to-end inspect should fail for nonexistent artifact","invocations":1,"location":null,"numPassingAsserts":1,"retryReasons":[],"status":"passed","title":"inspect should fail for nonexistent artifact"},{"ancestorTitles":["CLI end-to-end"],"duration":2625,"failureDetails":[],"failureMessages":[],"fullName":"CLI end-to-end replay should confirm reproduction of a captured bug","invocations":1,"location":null,"numPassingAsserts":2,"retryReasons":[],"status":"passed","title":"replay should confirm reproduction of a captured bug"},{"ancestorTitles":["CLI end-to-end"],"duration":1317,"failureDetails":[],"failureMessages":[],"fullName":"CLI end-to-end replay --json should produce valid JSON","invocations":1,"location":null,"numPassingAsserts":4,"retryReasons":[],"status":"passed","title":"replay --json should produce valid JSON"},{"ancestorTitles":["CLI end-to-end"],"duration":677,"failureDetails":[],"failureMessages":[],"fullName":"CLI end-to-end replay should fail for nonexistent artifact","invocations":1,"location":null,"numPassingAsserts":1,"retryReasons":[],"status":"passed","title":"replay should fail for nonexistent artifact"},{"ancestorTitles":["CLI end-to-end"],"duration":686,"failureDetails":[],"failureMessages":[],"fullName":"CLI end-to-end replay should reject artifacts with unknown manifest fields","invocations":1,"location":null,"numPassingAsserts":3,"retryReasons":[],"status":"passed","title":"replay should reject artifacts with unknown manifest fields"},{"ancestorTitles":["CLI end-to-end"],"duration":2842,"failureDetails":[],"failureMessages":[],"fullName":"CLI end-to-end replay should show Windows best-effort sandbox warning in isolated mode","invocations":1,"location":null,"numPassingAsserts":2,"retryReasons":[],"status":"passed","title":"replay should show Windows best-effort sandbox warning in isolated mode"},{"ancestorTitles":["CLI end-to-end"],"duration":747,"failureDetails":[],"failureMessages":[],"fullName":"CLI end-to-end diff should show changes between two artifacts","invocations":1,"location":null,"numPassingAsserts":3,"retryReasons":[],"status":"passed","title":"diff should show changes between two artifacts"},{"ancestorTitles":["CLI end-to-end"],"duration":751,"failureDetails":[],"failureMessages":[],"fullName":"CLI end-to-end diff --json should produce valid JSON","invocations":1,"location":null,"numPassingAsserts":3,"retryReasons":[],"status":"passed","title":"diff --json should produce valid JSON"},{"ancestorTitles":["CLI end-to-end"],"duration":735,"failureDetails":[],"failureMessages":[],"fullName":"CLI end-to-end diff should report identical artifacts","invocations":1,"location":null,"numPassingAsserts":2,"retryReasons":[],"status":"passed","title":"diff should report identical artifacts"},{"ancestorTitles":["CLI end-to-end"],"duration":3019,"failureDetails":[],"failureMessages":[],"fullName":"CLI end-to-end capture in non-git directory should work without crashing","invocations":1,"location":null,"numPassingAsserts":3,"retryReasons":[],"status":"passed","title":"capture in non-git directory should work without crashing"}],"endTime":1778481671162,"message":"","name":"D:\\BugProof\\tests\\e2e\\cli.test.ts","startTime":1778481635603,"status":"passed","summary":""}],"wasInterrupted":false}
